<?xml version="1.0" encoding="UTF-8"?>
<!-- Generated by org.testng.reporters.JUnitReportReporter -->
<testsuite hostname="DESKTOP-R44QD4T" failures="0" tests="2" name="qaclickacademy.SeleniumTest" time="0.026" errors="0" timestamp="2020-01-14T19:21:59 ART" skipped="0">
  <testcase classname="qaclickacademy.SeleniumTest" name="BrowserAUtomation" time="0.022"/>
  <testcase classname="qaclickacademy.SeleniumTest" name="elementsUi" time="0.004"/>
</testsuite> <!-- qaclickacademy.SeleniumTest -->
