<?xml version="1.0" encoding="UTF-8"?>
<!-- Generated by org.testng.reporters.JUnitReportReporter -->
<testsuite hostname="DESKTOP-R44QD4T" failures="0" tests="2" name="qaclickacademy.AppiumTest" time="0.013" errors="0" timestamp="2020-01-14T19:22:01 ART" skipped="0">
  <testcase classname="qaclickacademy.AppiumTest" name="NativeAPpAndroid" time="0.003"/>
  <testcase classname="qaclickacademy.AppiumTest" name="IOSApps" time="0.010"/>
</testsuite> <!-- qaclickacademy.AppiumTest -->
